<?xml version="1.0" encoding="UTF-8"?>
<!-- Generated by org.testng.reporters.JUnitReportReporter -->
<testsuite hostname="DESKTOP-HVS88UQ" failures="0" tests="1" name="Run.Runner" time="11.027" errors="0" timestamp="2022-04-17T17:54:11 IST" skipped="0">
  <testcase classname="Run.Runner" name="runScenario" time="11.027"/>
  <system-out/>
</testsuite> <!-- Run.Runner -->
